Drill report for KiCad.kicad_pcb
Created on 2023/10/07 15:53:16

Copper Layer Stackup:
    =============================================================
    L1 :  F.Cu                      front
    L2 :  B.Cu                      back


Drill file 'KiCad-PTH.drl' contains
    plated through holes:
    =============================================================
    T1  0.400mm  0.0157"  (5 holes)
    T2  1.000mm  0.0394"  (6 holes)
    T3  1.020mm  0.0402"  (43 holes)
    T4  1.100mm  0.0433"  (4 holes)

    Total plated holes count 58


Drill file 'KiCad-NPTH.drl' contains
    unplated through holes:
    =============================================================
    T1  1.500mm  0.0591"  (2 holes)
    T2  1.800mm  0.0709"  (2 holes)
    T3  3.200mm  0.1260"  (4 holes)

    Total unplated holes count 8
